2020/11/25 05:39:57 [emerg] 1#1: host not found in upstream "react-front:3000" in /etc/nginx/conf.d/default.conf:2
2020/11/25 05:39:58 [emerg] 1#1: host not found in upstream "react-front:3000" in /etc/nginx/conf.d/default.conf:2
2020/11/25 05:39:59 [emerg] 1#1: host not found in upstream "react-front:3000" in /etc/nginx/conf.d/default.conf:2
2020/11/25 05:40:00 [emerg] 1#1: host not found in upstream "react-front:3000" in /etc/nginx/conf.d/default.conf:2
2020/11/25 05:42:08 [emerg] 1#1: host not found in upstream "react-front:3000" in /etc/nginx/conf.d/default.conf:2
2020/11/25 05:42:08 [emerg] 1#1: host not found in upstream "react-front:3000" in /etc/nginx/conf.d/default.conf:2
2020/11/25 05:42:09 [emerg] 1#1: host not found in upstream "react-front:3000" in /etc/nginx/conf.d/default.conf:2
2020/11/25 05:42:10 [emerg] 1#1: host not found in upstream "react-front:3000" in /etc/nginx/conf.d/default.conf:2
2020/11/25 05:44:38 [emerg] 1#1: host not found in upstream "react-front:3000" in /etc/nginx/conf.d/default.conf:2
2020/11/25 05:44:39 [emerg] 1#1: host not found in upstream "react-front:3000" in /etc/nginx/conf.d/default.conf:2
2020/11/25 05:44:39 [emerg] 1#1: host not found in upstream "react-front:3000" in /etc/nginx/conf.d/default.conf:2
2020/11/25 05:44:40 [emerg] 1#1: host not found in upstream "react-front:3000" in /etc/nginx/conf.d/default.conf:2
2020/11/25 05:53:31 [emerg] 1#1: host not found in upstream "react-front:3000" in /etc/nginx/conf.d/default.conf:2
2020/11/25 05:53:32 [emerg] 1#1: host not found in upstream "react-front:3000" in /etc/nginx/conf.d/default.conf:2
2020/11/25 05:53:32 [emerg] 1#1: host not found in upstream "react-front:3000" in /etc/nginx/conf.d/default.conf:2
2020/11/25 05:53:33 [emerg] 1#1: host not found in upstream "react-front:3000" in /etc/nginx/conf.d/default.conf:2
2020/11/25 05:55:54 [error] 7#7: *8 upstream timed out (110: Connection timed out) while reading response header from upstream, client: 172.22.0.1, server: , request: "GET /api/ HTTP/1.1", upstream: "http://172.22.0.4:3000/", host: "localhost", referrer: "http://localhost/"
2020/11/25 06:01:18 [error] 7#7: *31 upstream prematurely closed connection while reading response header from upstream, client: 172.22.0.1, server: , request: "GET /api/ HTTP/1.1", upstream: "http://172.22.0.4:3000/", host: "localhost", referrer: "http://localhost/"
2020/11/25 06:07:46 [error] 7#7: *95 upstream prematurely closed connection while reading response header from upstream, client: 172.22.0.1, server: , request: "POST /api/ HTTP/1.1", upstream: "http://172.22.0.4:3000/", host: "localhost", referrer: "http://localhost/"
2020/11/25 06:24:00 [emerg] 1#1: host not found in upstream "react-front:3000" in /etc/nginx/conf.d/default.conf:2
2020/11/25 06:24:01 [emerg] 1#1: host not found in upstream "react-front:3000" in /etc/nginx/conf.d/default.conf:2
2020/11/25 06:24:02 [emerg] 1#1: host not found in upstream "react-front:3000" in /etc/nginx/conf.d/default.conf:2
2020/11/25 06:24:03 [emerg] 1#1: host not found in upstream "react-front:3000" in /etc/nginx/conf.d/default.conf:2
2020/11/25 06:28:50 [emerg] 1#1: host not found in upstream "react-front:3000" in /etc/nginx/conf.d/default.conf:2
2020/11/25 06:28:51 [emerg] 1#1: host not found in upstream "react-front:3000" in /etc/nginx/conf.d/default.conf:2
2020/11/25 06:28:52 [emerg] 1#1: host not found in upstream "react-front:3000" in /etc/nginx/conf.d/default.conf:2
2020/11/25 06:28:53 [emerg] 1#1: host not found in upstream "react-front:3000" in /etc/nginx/conf.d/default.conf:2
2020/11/25 06:28:55 [emerg] 1#1: host not found in upstream "react-front:3000" in /etc/nginx/conf.d/default.conf:2
2022/01/19 05:44:48 [notice] 1#1: using the "epoll" event method
2022/01/19 05:44:48 [notice] 1#1: nginx/1.21.5
2022/01/19 05:44:48 [notice] 1#1: built by gcc 10.2.1 20210110 (Debian 10.2.1-6) 
2022/01/19 05:44:48 [notice] 1#1: OS: Linux 5.10.16.3-microsoft-standard-WSL2
2022/01/19 05:44:48 [notice] 1#1: getrlimit(RLIMIT_NOFILE): 1048576:1048576
2022/01/19 05:44:48 [notice] 1#1: start worker processes
2022/01/19 05:44:48 [notice] 1#1: start worker process 30
2022/01/19 05:44:48 [notice] 1#1: start worker process 31
2022/01/19 05:44:48 [notice] 1#1: start worker process 32
2022/01/19 05:44:48 [notice] 1#1: start worker process 33
2022/01/19 05:44:48 [notice] 1#1: start worker process 34
2022/01/19 05:44:48 [notice] 1#1: start worker process 35
2022/01/19 05:44:48 [notice] 1#1: start worker process 36
2022/01/19 05:44:48 [notice] 1#1: start worker process 37
2022/01/19 05:45:21 [notice] 1#1: signal 3 (SIGQUIT) received, shutting down
2022/01/19 05:45:21 [notice] 30#30: gracefully shutting down
2022/01/19 05:45:21 [notice] 31#31: gracefully shutting down
2022/01/19 05:45:21 [notice] 32#32: gracefully shutting down
2022/01/19 05:45:21 [notice] 34#34: gracefully shutting down
2022/01/19 05:45:21 [notice] 33#33: gracefully shutting down
2022/01/19 05:45:21 [notice] 36#36: gracefully shutting down
2022/01/19 05:45:21 [notice] 37#37: gracefully shutting down
2022/01/19 05:45:21 [notice] 35#35: gracefully shutting down
2022/01/19 05:45:21 [notice] 30#30: exiting
2022/01/19 05:45:21 [notice] 31#31: exiting
2022/01/19 05:45:21 [notice] 32#32: exiting
2022/01/19 05:45:21 [notice] 34#34: exiting
2022/01/19 05:45:21 [notice] 33#33: exiting
2022/01/19 05:45:21 [notice] 36#36: exiting
2022/01/19 05:45:21 [notice] 37#37: exiting
2022/01/19 05:45:21 [notice] 35#35: exiting
2022/01/19 05:45:21 [notice] 30#30: exit
2022/01/19 05:45:21 [notice] 31#31: exit
2022/01/19 05:45:21 [notice] 32#32: exit
2022/01/19 05:45:21 [notice] 34#34: exit
2022/01/19 05:45:21 [notice] 33#33: exit
2022/01/19 05:45:21 [notice] 36#36: exit
2022/01/19 05:45:21 [notice] 37#37: exit
2022/01/19 05:45:21 [notice] 35#35: exit
2022/01/19 05:45:22 [notice] 1#1: signal 17 (SIGCHLD) received from 30
2022/01/19 05:45:22 [notice] 1#1: worker process 30 exited with code 0
2022/01/19 05:45:22 [notice] 1#1: worker process 31 exited with code 0
2022/01/19 05:45:22 [notice] 1#1: worker process 32 exited with code 0
2022/01/19 05:45:22 [notice] 1#1: worker process 33 exited with code 0
2022/01/19 05:45:22 [notice] 1#1: worker process 37 exited with code 0
2022/01/19 05:45:22 [notice] 1#1: signal 29 (SIGIO) received
2022/01/19 05:45:22 [notice] 1#1: signal 17 (SIGCHLD) received from 37
2022/01/19 05:45:22 [notice] 1#1: signal 17 (SIGCHLD) received from 36
2022/01/19 05:45:22 [notice] 1#1: worker process 35 exited with code 0
2022/01/19 05:45:22 [notice] 1#1: worker process 36 exited with code 0
2022/01/19 05:45:22 [notice] 1#1: signal 29 (SIGIO) received
2022/01/19 05:45:22 [notice] 1#1: signal 17 (SIGCHLD) received from 34
2022/01/19 05:45:22 [notice] 1#1: worker process 34 exited with code 0
2022/01/19 05:45:22 [notice] 1#1: exit
2022/01/19 05:46:31 [emerg] 1#1: host not found in upstream "react-front:3000" in /etc/nginx/conf.d/default.conf:2
2022/01/19 05:46:42 [emerg] 1#1: host not found in upstream "react-front:3000" in /etc/nginx/conf.d/default.conf:2
2022/01/19 05:46:54 [emerg] 1#1: host not found in upstream "react-front:3000" in /etc/nginx/conf.d/default.conf:2
2022/01/19 05:47:05 [emerg] 1#1: host not found in upstream "react-front:3000" in /etc/nginx/conf.d/default.conf:2
2022/01/19 05:47:17 [emerg] 1#1: host not found in upstream "react-front:3000" in /etc/nginx/conf.d/default.conf:2
2022/01/19 05:47:29 [emerg] 1#1: host not found in upstream "react-front:3000" in /etc/nginx/conf.d/default.conf:2
2022/01/19 05:47:41 [emerg] 1#1: host not found in upstream "react-front:3000" in /etc/nginx/conf.d/default.conf:2
2022/01/19 05:47:52 [emerg] 1#1: host not found in upstream "react-front:3000" in /etc/nginx/conf.d/default.conf:2
2022/01/19 05:48:04 [emerg] 1#1: host not found in upstream "react-front:3000" in /etc/nginx/conf.d/default.conf:2
2022/01/19 05:48:16 [emerg] 1#1: host not found in upstream "react-front:3000" in /etc/nginx/conf.d/default.conf:2
2022/01/19 05:48:27 [emerg] 1#1: host not found in upstream "react-front:3000" in /etc/nginx/conf.d/default.conf:2
2022/01/19 05:48:39 [emerg] 1#1: host not found in upstream "react-front:3000" in /etc/nginx/conf.d/default.conf:2
2022/01/19 05:48:51 [emerg] 1#1: host not found in upstream "react-front:3000" in /etc/nginx/conf.d/default.conf:2
2022/01/19 05:49:02 [emerg] 1#1: host not found in upstream "react-front:3000" in /etc/nginx/conf.d/default.conf:2
2022/01/19 05:49:14 [emerg] 1#1: host not found in upstream "react-front:3000" in /etc/nginx/conf.d/default.conf:2
2022/01/19 05:49:26 [emerg] 1#1: host not found in upstream "react-front:3000" in /etc/nginx/conf.d/default.conf:2
2022/01/19 05:49:37 [emerg] 1#1: host not found in upstream "react-front:3000" in /etc/nginx/conf.d/default.conf:2
2022/01/19 05:49:49 [emerg] 1#1: host not found in upstream "react-front:3000" in /etc/nginx/conf.d/default.conf:2
2022/01/19 05:50:01 [emerg] 1#1: host not found in upstream "react-front:3000" in /etc/nginx/conf.d/default.conf:2
2022/01/19 05:50:12 [emerg] 1#1: host not found in upstream "react-front:3000" in /etc/nginx/conf.d/default.conf:2
2022/01/19 05:50:24 [emerg] 1#1: host not found in upstream "react-front:3000" in /etc/nginx/conf.d/default.conf:2
2022/01/19 05:50:35 [emerg] 1#1: host not found in upstream "react-front:3000" in /etc/nginx/conf.d/default.conf:2
2022/01/19 05:50:47 [emerg] 1#1: host not found in upstream "react-front:3000" in /etc/nginx/conf.d/default.conf:2
2022/01/19 05:50:59 [emerg] 1#1: host not found in upstream "react-front:3000" in /etc/nginx/conf.d/default.conf:2
2022/01/19 05:51:10 [emerg] 1#1: host not found in upstream "react-front:3000" in /etc/nginx/conf.d/default.conf:2
2022/01/19 05:51:22 [emerg] 1#1: host not found in upstream "react-front:3000" in /etc/nginx/conf.d/default.conf:2
2022/01/19 05:51:34 [emerg] 1#1: host not found in upstream "react-front:3000" in /etc/nginx/conf.d/default.conf:2
